<?xml version="1.0" encoding="UTF-8"?>
<!-- Generated by org.testng.reporters.JUnitReportReporter -->
<testsuite hostname="LAPTOP-BJT1NIM6" failures="0" tests="1" name="Satyagrpid.saiaid.ErrorValidations" time="2.813" errors="0" timestamp="2023-10-17T22:40:37 IST" skipped="0">
  <testcase classname="Satyagrpid.saiaid.ErrorValidations" name="errorvalidationTest" time="2.813"/>
  <system-out/>
</testsuite> <!-- Satyagrpid.saiaid.ErrorValidations -->
