<?xml version="1.0" encoding="UTF-8"?>
<!-- Generated by org.testng.reporters.JUnitReportReporter -->
<testsuite hostname="LAPTOP-IDMVG1HM" failures="0" tests="2" name="Satyagrpid.saiaid.SubmitOrder" time="67.252" errors="0" timestamp="2023-11-09T08:31:29 IST" skipped="0">
  <testcase classname="Satyagrpid.saiaid.SubmitOrder" name="verifyOrderHistory" time="2.400"/>
  <system-out/>
  <testcase classname="Satyagrpid.saiaid.SubmitOrder" name="submitOrderTest" time="64.852"/>
  <system-out/>
</testsuite> <!-- Satyagrpid.saiaid.SubmitOrder -->
