<?xml version="1.0" encoding="UTF-8"?>
<!-- Generated by org.testng.reporters.JUnitReportReporter -->
<testsuite hostname="LAPTOP-BJT1NIM6" failures="0" tests="1" name="TestComponents.wstests" time="46.231" errors="0" timestamp="2023-11-10T18:21:31 IST" skipped="0">
  <testcase classname="TestComponents.wstests" name="ss" time="46.231"/>
  <system-out/>
</testsuite> <!-- TestComponents.wstests -->
