<?xml version="1.0" encoding="UTF-8"?>
<!-- Generated by org.testng.reporters.JUnitReportReporter -->
<testsuite hostname="LAPTOP-BJT1NIM6" failures="0" tests="1" name="Satyagrpid.saiaid.SubmitOrder" time="3.178" errors="0" timestamp="2023-11-10T22:35:50 IST" skipped="0">
  <testcase classname="Satyagrpid.saiaid.SubmitOrder" name="verifyOrderHistory" time="3.178"/>
  <system-out/>
</testsuite> <!-- Satyagrpid.saiaid.SubmitOrder -->
