<?xml version="1.0" encoding="UTF-8"?>
<!-- Generated by org.testng.reporters.JUnitReportReporter -->
<testsuite hostname="LAPTOP-BJT1NIM6" failures="0" tests="2" name="Satyagrpid.saiaid.SubmitOrder" time="8.976" errors="0" timestamp="2023-10-17T22:40:37 IST" skipped="0">
  <testcase classname="Satyagrpid.saiaid.SubmitOrder" name="submitOrderTest" time="6.085"/>
  <system-out/>
  <testcase classname="Satyagrpid.saiaid.SubmitOrder" name="verifyOrderHistory" time="2.891"/>
  <system-out/>
</testsuite> <!-- Satyagrpid.saiaid.SubmitOrder -->
